0
1482
478
451
10230
poor sisyphus
107
1875
122
6
859
1
poor sisyphus
poor sisyphus
3
0
60
6
213
poor sisyphus
3
poor sisyphus
4
4
poor sisyphus
1
poor sisyphus
1
poor sisyphus
2607
1
16
1401
2
0
26
0
38
poor sisyphus
7898
8
8170
32387
83
1219
7
1765
poor sisyphus
238
4
poor sisyphus
69
175
739
2401
2633
1
2
0
37
3
3875
5100
20
500
10
79
poor sisyphus
4
8159
9
113
poor sisyphus
90
poor sisyphus
30
0
22
8
38
2
3
81
881
2
476
41
4074
0
4
1
13
3
11
poor sisyphus
0
6
poor sisyphus
poor sisyphus
4
3
2004
0
2
23
2
11
poor sisyphus
2547
poor sisyphus
5079
4
7876
0
5
498
58
0
2
poor sisyphus
12
7
0
4
3
219
8168
208
8
8146
14317
17
2
0
4
1
0
1
3
2
3
9
205
30
poor sisyphus
4411
72
29
21
poor sisyphus
17
1013
24572
poor sisyphus
1580
poor sisyphus
13
3
2
8
poor sisyphus
0
226
415
7
432
59
76
2
poor sisyphus
2
0
3
231
0
8185
3800
poor sisyphus
52
1
307
7145
28
18
170
3
120
poor sisyphus
9
poor sisyphus
1452
97
2
83
81
4
83
562
307
7
8141
poor sisyphus
5
1909
593
4055
0
5439
poor sisyphus
6
1
119
poor sisyphus
poor sisyphus
3254
0
2180
2
997
3
57
1
1900
27
8173
2
88
3
1
0
11
poor sisyphus
94
6
9
47
3
3
poor sisyphus
22
159
21
2
poor sisyphus
98
163
poor sisyphus
71
9
1
10
6
2
451
0
215
16358
33
poor sisyphus
5
0
7
35
230
142
0
0
poor sisyphus
0
1
poor sisyphus
0
3
24
0
3
43
5
poor sisyphus
poor sisyphus
498
888
482
63
0
8
5
181
19
poor sisyphus
4
11
1009
4
247
312
poor sisyphus
98
2026
0
5
29
66
91
501
1527
0
2
0
15
7
poor sisyphus
1
poor sisyphus
poor sisyphus
11
2
poor sisyphus
122
poor sisyphus
0
575
8171
poor sisyphus
99
1522
7
poor sisyphus
7
375
4
poor sisyphus
870
507
6119
1861
poor sisyphus
18
0
poor sisyphus
199
0
1746
14
poor sisyphus
poor sisyphus
95
7
390
1
799
35
1
12
85
poor sisyphus
72
684
13
5
571
122
poor sisyphus
4
10
0
212
30698
2
33
200
poor sisyphus
8184
1768
485
2
3
poor sisyphus
7201
103
14302
poor sisyphus
2024
14
0
1
647
2
16355
15786
13
467
0
3048
3221
8147
7142
0
205
13
1
62
14
poor sisyphus
2005
4074
20
238
979
poor sisyphus
0
3
poor sisyphus
28
poor sisyphus
8
1
40
1
212
5
4555
30
2
2
3
192
11777
161
4068
0
7894
604
168
poor sisyphus
3
4
19
poor sisyphus
5458
32341
1470
1
1
1
poor sisyphus
978
22
16357
3
0
8
0
4
21
poor sisyphus
297
8
248
977
poor sisyphus
12
0
poor sisyphus
16368
poor sisyphus
0
4078
11
5
713
3908
12305
0
23
56
203
poor sisyphus
poor sisyphus
201
66976604
1023926457
11097322
1064182745
238579176
1038139930
88080331
22020024
18
713031468
8371495
715128297
2097397959
6389436
2147483642
2147483512
296613558
1391211
142046918
3195520
