6
10
10
13
15
9
11
9
15
11
14
13
21
14
12
21
11
15
19
10
9
15
13
14
12
18
7
10
20
11
16
17
13
15
15
10
18
15
13
10
10
9
16
9
11
18
11
12
11
18
12
14
15
10
11
11
11
11
12
10
13
16
10
10
16
14
15
14
11
12
16
11
12
15
31
10
12
15
12
13
10
10
10
12
10
20
12
12
16
14
19
12
14
12
10
13
28
9
14
17
10
15
13
11
11
10
10
21
11
13
12
14
12
12
13
12
9
10
12
9
13
11
19
8
12
13
10
12
18
12
13
18
14
15
17
12
11
12
14
13
14
11
11
13
12
16
13
12
10
11
10
9
10
17
32
18
10
23
10
24
13
10
11
11
11
20
12
32
9
12
8
13
17
24
13
16
16
9
11
16
13
27
20
13
12
19
12
13
11
10
12
9
13
20
9
11
18
16
8
13
21
18
11
16
14
10
14
12
11
13
10
12
15
14
20
11
10
9
9
10
13
12
13
9
10
10
8
11
11
13
9
16
10
14
15
12
11
11
16
11
21
14
12
12
13
13
22
10
12
9
11
13
13
16
12
20
13
13
11
21
8
12
15
12
11
11
10
10
13
13
9
14
12
10
11
14
15
17
14
12
16
15
13
15
11
12
11
8
11
9
16
11
14
12
16
10
12
16
10
15
11
8
8
12
12
10
13
14
11
13
12
15
16
19
11
9
12
9
9
10
10
11
10
9
11
10
10
13
21
15
20
11
11
13
13
8
12
14
11
13
10
18
11
12
15
13
10
15
8
21
10
13
14
15
11
14
12
13
16
10
10
12
9
13
17
12
15
13
13
11
14
12
10
11
12
15
16
10
12
16
11
14
10
10
14
18
8
16
9
14
19
13
10
12
17
13
15
14
14
11
11
10
15
12
18
14
10
10
13
14
17
8
11
14
18
10
21
15
11
17
14
8
14
10
16
26
10
9
10
13
15
11
9
12
16
16
14
10
8
15
14
11
20
11
12
9
11
10
13
13
12
12
21
9
15
24
16
13
10
30
8
13
19
23
11
12
13
10
8
11
7
13
11
11
21
12
12
17
12
13
14
11
15
15
12
15
10
16
16
19
13
12
13
11
12
13
11
9
12
10
12
9
16
11
13
9
13
14
10
10
12
13
11
13
12
23
13
11
14
15
10
12
11
14
9
15
17
10
10
17
17
11
11
14
6
23
11
13
10
11
18
13
10
12
8
16
21
9
11
10
12
12
11
17
11
8
12
9
13
9
11
11
12
15
13
13
13
12
7
13
12
11
13
11
13
11
9
11
12
12
10
17
9
13
10
14
12
11
10
13
12
11
9
10
12
13
10
11
13
14
12
12
9957
9900
11231
13209
11535
14055
9438
7781
6995
10109
10013
7912
9742
8332
11452
10801
9856
11364
13301
11155
18062
7795
10302
11212
12124
5414
7869
17629
15394
9306
5151
6169
6933
7848
8107
6940
16504
9845
8405
12580
8489
8324
10466
10144
10060
7646
12751
9800
6897
10693
8578
10607
13265
14887
7554
8838
13591
10986
6634
19333
10564
16268
4877
7963
9987
9275
12468
7922
7992
9843
8584
11824
8340
8850
9160
23766
7147
8773
12238
12643
12942
10298
16790
9746
11727
8185
10455
9542
12432
10245
8021
8096
12089
7247
8814
7157
13665
12299
7015
8480
7075
17069
13671
10561
12294
19375
6738
15639
9731
18107
8406
8379
12530
7511
11040
12501
18156
9196
19662
9016
7191
8097
10210
10098
11770
9949
12469
10822
7353
15947
12968
9833
7995
8633
8714
9851
11943
15412
8863
9075
11050
13524
9953
13167
7330
13090
13771
14006
10136
9764
7495
13876
10521
9131
12847
12253
17119
19779
9533
9365
8813
9626
5768
14852
7308
6975
8669
13960
6793
9018
11023
7473
20349
7813
13204
8520
11136
10625
15809
13503
11503
10388
7224
7468
8746
11563
12931
14680
10454
12079
14687
11374
10655
6269
11104
9006
9604
7333
8408
7494
9520
8609
13711
8728
12740
11021
11070
10229
8093
6413
8065
16902
9706
8244
10503
7953
9650
12234
11245
20268
10010
14188
8686
16275
14515
13726
10936
8053
6275
8328
6515
11678
10174
13885
10492
9940
12037
9161
22797
10592
6440
10686
14289
13400
7965
6405
5985
17803
6628
8852
9670
12848
7580
7458
7145
9707
9635
12129
16268
9858
10613
11773
10921
9919
7160
10178
7525
18351
20106
9466
8555
7190
16980
10956
6136
8168
7833
6962
16211
8569
7990
8412
12275
24848
8174
14633
20684
27470
15633
17053
10116
9428
22037
9754
20680
10329
9675
10324
8065
16093
13424
9642
9529
15265
11273
9081
11900
7557
7148
15454
14045
11316
9495
6336
10035
7643
16414
10018
15264
5354
7090
13667
9139
7375
10976
20103
17779
9642
8469
13253
15302
11222
21056
10671
10035
7471
13250
9266
8984
21016
7400
9670
9657
12887
12703
11295
12638
9887
7893
14459
10338
9194
10423
8429
11285
9776
8093
12148
6923
8816
20748
9177
7718
16347
8708
8087
12515
7368
9328
9798
7628
10643
9264
6726
17661
9143
7191
9598
11154
17400
9673
16063
15948
8752
8422
13830
9889
11331
6750
9597
11949
10177
8588
11345
17114
12753
10030
11433
12408
7023
8225
10258
14337
8841
12152
10277
10117
8420
14534
7629
10319
9221
16803
13472
9084
7867
9840
9510
9018
7600
7784
10528
7949
12031
11764
8394
10490
10013
10752
12610
8577
11305
8928
11809
7006
11805
8944
8213
11185
12870
11314
6984
5100
10117
11437
10624
11756
10252
15201
7830
11024
9031
8817
11125
11850
12102
9457
13927
8061
8887
10501
13008
9523
11946
8011
14782
7853
12580
18520
14559
7880
9956
7176
11414
8561
10067
9436
6258
18105
11716
11418
11183
12202
7929
11179
8122
12500
11439
14374
7550
8329
10598
7895
12560
13514
6240
22371
9048
8454
17294
12531
11269
8885
13107
9558
12715
15352
10212
5415
10782
9515
10001
8399
9389
17452
16621
8870
6605
12794
9477
7573
13400
21162
14606
7354
13661
13530
16438
6842
8731
6559
14581
8379
11879
11923
12503
9175
7666
9991
9691
9317
11939
19178
8198
15611
12896
12094
7139
9347
7449
12413
17936
8041
8550
13101
12127
9249
9611
14034
13698
11622
10659
8713
8437
7451
6355
9217
8747
8947
11562
8147
11677
10256
15353
17564
9842
12234
11031
13812
9096
14150
18687
7842
10225
10556
14603
15977
19719
10541
8215
24971
11358
9835
10201
5693
11034
13578
7774
10434
11818
