8
1
doge
3
4
4
doge
6
doge
doge
doge
doge
doge
5120
1728
13824
4608
5760
12288
1728
720
648
768
24
1024
3240
1440
192
18432
1512
11520
12960
2880
768
6912
1536
3456
69120
12288
2304
3840
5184
320
1728
3840
5376
16384
9216
2160
7200
doge
256
128
doge
19440
108
4800
41472
doge
7200
13824
doge
doge
1536
12288
20736
4608
12000
doge
2400
960
57600
2880
4096
doge
7680
3456
768
4096
768
2160
864
doge
2160
2304
46080
162
45
23040
2880
7680
1152
72576
3840
15360
12288
doge
60
1152
1728
576
18432
480
1944
doge
55296
1152
720
doge
128
160
1440
3456
doge
doge
