20
25
30
27
13
30
21
21
24
28
26
17
21
28
24
29
24
26
17
13
13
26
23
30
23
26
16
26
27
30
20
30
26
21
28
27
30
22
20
22
22
22
29
18
27
23
28
12
25
29
29
11
21
17
18
28
26
27
29
27
20
26
23
12
28
30
29
24
20
30
30
28
28
30
30
10
27
30
30
18
24
26
23
29
28
10
21
28
17
28
23
19
23
28
25
24
13
16
23
29
28
22
20
14
14
20
28
29
28
22
22
22
29
25
29
22
25
29
6
22
16
26
24
30
20
30
11
21
26
26
23
26
19
11
11
21
28
15
30
25
30
28
16
22
18
29
18
30
30
24
25
13
26
13
26
21
30
23
30
16
28
9
23
23
22
27
24
23
29
23
28
25
26
20
25
18
19
23
27
26
22
25
26
15
16
30
29
22
26
17
26
10
29
25
28
11
19
28
22
23
28
29
26
28
29
13
21
15
20
24
24
30
24
30
22
14
21
11
24
30
16
29
22
11
26
24
30
22
24
28
29
24
30
25
26
17
10
11
20
23
23
30
22
29
9
4
27
30
24
28
9
9
23
29
23
28
21
23
27
30
26
27
29
30
17
25
17
30
19
30
27
23
15
22
24
26
29
22
18
28
29
24
21
25
23
29
15
30
30
15
14
30
27
30
27
14
26
10
14
19
28
22
28
18
25
25
26
29
24
20
28
8
18
7
29
22
30
9
11
21
5
22
28
29
28
24
24
26
13
26
30
17
23
21
28
30
23
18
20
22
24
22
18
13
12
29
23
28
6
29
24
26
24
12
19
19
22
10
22
24
25
27
20
28
14
9
24
28
13
29
26
23
29
21
30
18
29
29
21
18
28
29
23
26
16
28
21
22
30
30
30
7
24
29
21
25
30
18
9
26
94
94
192
118
155
198
200
119
