0
0
17
11971078
279996701
745590172
858174587
478362717
70427420
89438749
907992987
964209275
170937033
851740268
612209759
708167795
0
0
0
42
186589
19277640
718829696
330028013
941934165
878159183
749625553
243894880
72828910
187468790
898817295
708167795
0
0
0
102
8305052
599579640
623609148
775256451
412809113
946546913
155532940
166311899
330398280
850431222
172269996
708167795
0
0
15
59934
9193795
280004423
290012130
175731886
682185861
335811723
246634689
184341857
864379394
330304547
642390495
708167795
0
0
2
2004005
332333985
507393721
211864886
980564363
546378311
332073060
872802763
873847919
184011751
869565355
328210642
708167795
